<?xml version="1.0" encoding="UTF-8"?>
<!-- Generated by org.testng.reporters.JUnitReportReporter -->
<testsuite hostname="SRIMAMID-IN" failures="0" tests="1" name="com.qa.tests.Demo2" time="22.260" errors="0" timestamp="05 Dec 2019 03:09:56 GMT" skipped="0">
  <testcase classname="com.qa.tests.Demo2" name="test1" time="22.260"/>
</testsuite> <!-- com.qa.tests.Demo2 -->
