<?xml version="1.0" encoding="UTF-8"?>
<!-- Generated by org.testng.reporters.JUnitReportReporter -->
<testsuite hostname="SRIMAMID-IN" failures="0" tests="4" name="com.qa.tests.Demo1" time="0.017" errors="0" timestamp="4 Dec 2019 02:47:48 GMT">
  <testcase classname="com.qa.tests.Demo1" name="sub" time="0.001"/>
  <testcase classname="com.qa.tests.Demo1" name="sum" time="0.001"/>
  <testcase classname="com.qa.tests.Demo1" name="div" time="0.014"/>
  <testcase classname="com.qa.tests.Demo1" name="mul" time="0.001"/>
</testsuite>
