<?xml version="1.0" encoding="UTF-8"?>
<!-- Generated by org.testng.reporters.JUnitReportReporter -->
<testsuite skipped="0" hostname="SRIMAMID-IN" name="com.qa.tests.Demo2" tests="1" failures="0" timestamp="09 Dec 2019 03:20:32 GMT" time="28.073" errors="0">
  <testcase name="test1" time="28.073" classname="com.qa.tests.Demo2"/>
</testsuite> <!-- com.qa.tests.Demo2 -->
