<?xml version="1.0" encoding="UTF-8"?>
<!-- Generated by org.testng.reporters.JUnitReportReporter -->
<testsuite skipped="0" hostname="SRIMAMID-IN" name="com.qa.tests.Demo1" tests="4" failures="0" timestamp="09 Dec 2019 03:20:32 GMT" time="0.019" errors="0">
  <testcase name="div" time="0.018" classname="com.qa.tests.Demo1"/>
  <testcase name="mul" time="0.000" classname="com.qa.tests.Demo1"/>
  <testcase name="sub" time="0.000" classname="com.qa.tests.Demo1"/>
  <testcase name="sum" time="0.001" classname="com.qa.tests.Demo1"/>
</testsuite> <!-- com.qa.tests.Demo1 -->
